<?xml version="1.0" encoding="UTF-8"?>
<testng-results ignored="0" total="1" passed="1" failed="0" skipped="0">
  <reporter-output>
  </reporter-output>
  <suite started-at="2022-03-29T20:59:34 PDT" name="Default suite" finished-at="2022-03-29T20:59:55 PDT" duration-ms="20100">
    <groups>
    </groups>
    <test started-at="2022-03-29T20:59:34 PDT" name="Default test" finished-at="2022-03-29T20:59:55 PDT" duration-ms="20100">
      <class name="com.Google.search.gs">
        <test-method signature="googlesearch()[pri:0, instance:com.Google.search.gs@156b88f5]" started-at="2022-03-29T20:59:35 PDT" name="googlesearch" finished-at="2022-03-29T20:59:55 PDT" duration-ms="20048" status="PASS">
          <reporter-output>
          </reporter-output>
        </test-method> <!-- googlesearch -->
      </class> <!-- com.Google.search.gs -->
    </test> <!-- Default test -->
  </suite> <!-- Default suite -->
</testng-results>
